Arguments: 
  /home/rallerenp/.nvm/versions/node/v14.18.1/bin/node /mnt/c/Program Files (x86)/Yarn/bin/yarn.js init testing

PATH: 
  /home/rallerenp/.vscode-server/bin/ccbaa2d27e38e5afa3e5c21c1c7bef4657064247/bin:/home/rallerenp/.nvm/versions/node/v14.18.1/bin:/usr/local/sbin:/usr/local/bin:/usr/sbin:/usr/bin:/sbin:/bin:/usr/games:/usr/local/games:/usr/lib/wsl/lib:/mnt/c/Program Files (x86)/Intel/Intel(R) Management Engine Components/iCLS/:/mnt/c/Program Files/Intel/Intel(R) Management Engine Components/iCLS/:/mnt/c/Program Files/ImageMagick-7.1.0-Q16:/mnt/c/Program Files (x86)/Common Files/Oracle/Java/javapath:/mnt/c/Program Files/ImageMagick-7.1.0-Q16-HDRI:/mnt/c/Windows/system32:/mnt/c/Windows:/mnt/c/Windows/System32/Wbem:/mnt/c/Windows/System32/WindowsPowerShell/v1.0/:/mnt/c/Windows/System32/OpenSSH/:/mnt/c/Program Files/Microsoft VS Code/bin:/mnt/c/Program Files (x86)/NVIDIA Corporation/PhysX/Common:/mnt/c/Program Files/NVIDIA Corporation/NVIDIA NvDLISR:/mnt/c/ProgramData/chocolatey/bin:/mnt/c/Program Files/Git/cmd:/mnt/c/Program Files/nodejs/:/mnt/c/Program Files (x86)/Yarn/bin/:/mnt/c/ProgramData/nvm:/mnt/c/Program Files/nodejs:/mnt/c/Program Files (x86)/Intel/Intel(R) Management Engine Components/DAL:/mnt/c/Program Files/Intel/Intel(R) Management Engine Components/DAL:/mnt/c/Program Files (x86)/Intel/Intel(R) Management Engine Components/IPT:/mnt/c/Program Files/Intel/Intel(R) Management Engine Components/IPT:/mnt/c/Program Files/dotnet/:/mnt/c/Users/rasmu/AppData/Local/Microsoft/WindowsApps:/mnt/c/Program Files (x86)/SVP 4/mpv64:/mnt/c/Users/rasmu/AppData/Local/Programs/Microsoft VS Code/bin:/mnt/c/tools/msys64:/mnt/c/Users/rasmu/AppData/Roaming/cabal/bin:/mnt/c/tools/ghc-9.0.1/bin:/mnt/c/Program Files/JetBrains/IntelliJ IDEA 2021.1.1/bin:/mnt/c/Users/rasmu/AppData/Roaming/npm:/mnt/c/Users/rasmu/AppData/Local/Yarn/bin:/mnt/c/Users/rasmu/AppData/Local/gitkraken/bin:/mnt/c/Users/rasmu/AppData/Local/atom/bin:/mnt/c/Users/rasmu/.dotnet/tools:/mnt/c/Users/rasmu/AppData/Local/GitHubDesktop/bin

Yarn version: 
  1.22.5

Node version: 
  14.18.1

Platform: 
  linux x64

Trace: 
  Error: canceled
      at Interface.<anonymous> (/mnt/c/Program Files (x86)/Yarn/lib/cli.js:137009:13)
      at Interface.emit (events.js:400:28)
      at Interface._ttyWrite (readline.js:1001:16)
      at ReadStream.onkeypress (readline.js:265:10)
      at ReadStream.emit (events.js:400:28)
      at emitKeys (internal/readline/utils.js:358:14)
      at emitKeys.next (<anonymous>)
      at ReadStream.onData (readline.js:1270:36)
      at ReadStream.emit (events.js:400:28)
      at addChunk (internal/streams/readable.js:293:12)

npm manifest: 
  No manifest

yarn manifest: 
  No manifest

Lockfile: 
  No lockfile
